1713724281465	geckodriver	INFO	Listening on 127.0.0.1:59895
1713724284554	mozrunner::runner	INFO	Running command: "C:\\Program Files\\Mozilla Firefox\\firefox.exe" "--marionette" "--remote-debugging-port" "59896" "--remote-allow-hosts" "localhost" "-no-remote" "-profile" "C:\\Users\\Sabrine\\AppData\\Local\\Temp\\rust_mozprofileQpS1AP"
console.warn: services.settings: Ignoring preference override of remote settings server
console.warn: services.settings: Allow by setting MOZ_REMOTE_SETTINGS_DEVTOOLS=1 in the environment
1713724284863	Marionette	INFO	Marionette enabled
Dynamically enable window occlusion 0
1713724284956	Marionette	INFO	Listening on port 59904
Read port: 59904
WebDriver BiDi listening on ws://127.0.0.1:59896
1713724285021	RemoteAgent	WARN	TLS certificate errors will be ignored for this session
DevTools listening on ws://127.0.0.1:59896/devtools/browser/bf1e7a38-e5c7-4979-9771-23e2bd2fb07b
console.warn: LoginRecipes: "Falling back to a synchronous message for: https://ecommerce-playground.lambdatest.io."
console.warn: LoginRecipes: "Falling back to a synchronous message for: https://ecommerce-playground.lambdatest.io."
console.warn: LoginRecipes: "Falling back to a synchronous message for: https://ecommerce-playground.lambdatest.io."
console.warn: LoginRecipes: "Falling back to a synchronous message for: https://ecommerce-playground.lambdatest.io."
console.warn: LoginRecipes: "Falling back to a synchronous message for: https://ecommerce-playground.lambdatest.io."
console.warn: LoginRecipes: "Falling back to a synchronous message for: https://ecommerce-playground.lambdatest.io."
console.warn: LoginRecipes: "Falling back to a synchronous message for: https://ecommerce-playground.lambdatest.io."
1713724314884	addons.xpi	ERROR	System addon update list error SyntaxError: XMLHttpRequest.open: 'http://%(server)s/dummy-system-addons.xml' is not a valid URL.
1713724595190	Marionette	INFO	Stopped listening on port 59904
Dynamically enable window occlusion 1
