1713724176524	geckodriver	INFO	Listening on 127.0.0.1:59771
1713724179618	mozrunner::runner	INFO	Running command: "C:\\Program Files\\Mozilla Firefox\\firefox.exe" "--marionette" "--remote-debugging-port" "59772" "--remote-allow-hosts" "localhost" "-no-remote" "-profile" "C:\\Users\\Sabrine\\AppData\\Local\\Temp\\rust_mozprofileyXQCZP"
console.warn: services.settings: Ignoring preference override of remote settings server
console.warn: services.settings: Allow by setting MOZ_REMOTE_SETTINGS_DEVTOOLS=1 in the environment
1713724179929	Marionette	INFO	Marionette enabled
Dynamically enable window occlusion 0
1713724180019	Marionette	INFO	Listening on port 59781
Read port: 59781
WebDriver BiDi listening on ws://127.0.0.1:59772
1713724180078	RemoteAgent	WARN	TLS certificate errors will be ignored for this session
DevTools listening on ws://127.0.0.1:59772/devtools/browser/487b000b-477e-48f8-8e57-23f34032e798
console.warn: LoginRecipes: "Falling back to a synchronous message for: https://ecommerce-playground.lambdatest.io."
console.warn: LoginRecipes: "Falling back to a synchronous message for: https://ecommerce-playground.lambdatest.io."
console.warn: LoginRecipes: "Falling back to a synchronous message for: https://ecommerce-playground.lambdatest.io."
console.warn: LoginRecipes: "Falling back to a synchronous message for: https://ecommerce-playground.lambdatest.io."
console.warn: LoginRecipes: "Falling back to a synchronous message for: https://ecommerce-playground.lambdatest.io."
console.warn: LoginRecipes: "Falling back to a synchronous message for: https://ecommerce-playground.lambdatest.io."
console.warn: LoginRecipes: "Falling back to a synchronous message for: https://ecommerce-playground.lambdatest.io."
1713724209949	addons.xpi	ERROR	System addon update list error SyntaxError: XMLHttpRequest.open: 'http://%(server)s/dummy-system-addons.xml' is not a valid URL.
1713724597029	Marionette	INFO	Stopped listening on port 59781
Dynamically enable window occlusion 1
