1713716861784	geckodriver	INFO	Listening on 127.0.0.1:54674
1713716864874	mozrunner::runner	INFO	Running command: "C:\\Program Files\\Mozilla Firefox\\firefox.exe" "--marionette" "--remote-debugging-port" "54675" "--remote-allow-hosts" "localhost" "-no-remote" "-profile" "C:\\Users\\Sabrine\\AppData\\Local\\Temp\\rust_mozprofileYuxgad"
console.warn: services.settings: Ignoring preference override of remote settings server
console.warn: services.settings: Allow by setting MOZ_REMOTE_SETTINGS_DEVTOOLS=1 in the environment
1713716865189	Marionette	INFO	Marionette enabled
Dynamically enable window occlusion 0
1713716865299	Marionette	INFO	Listening on port 54684
WebDriver BiDi listening on ws://127.0.0.1:54675
Read port: 54684
1713716865518	RemoteAgent	WARN	TLS certificate errors will be ignored for this session
DevTools listening on ws://127.0.0.1:54675/devtools/browser/c07840e5-c933-4cf8-8083-ab650b966f48
console.warn: LoginRecipes: "Falling back to a synchronous message for: https://ecommerce-playground.lambdatest.io."
console.warn: LoginRecipes: "Falling back to a synchronous message for: https://ecommerce-playground.lambdatest.io."
console.warn: LoginRecipes: "Falling back to a synchronous message for: https://ecommerce-playground.lambdatest.io."
console.warn: LoginRecipes: "Falling back to a synchronous message for: https://ecommerce-playground.lambdatest.io."
console.warn: LoginRecipes: "Falling back to a synchronous message for: https://ecommerce-playground.lambdatest.io."
1713716895207	addons.xpi	ERROR	System addon update list error SyntaxError: XMLHttpRequest.open: 'http://%(server)s/dummy-system-addons.xml' is not a valid URL.
JavaScript error: resource://gre/modules/AsyncShutdown.sys.mjs, line 570: NotFoundError: No such JSWindowActor 'DevToolsFrame'
1713717495204	Marionette	INFO	Stopped listening on port 54684
Dynamically enable window occlusion 1
